{"name":"Messenger-Log","hostname":"Mockingjay","pid":8151,"level":30,"msg":"Mosca server is up and running on 127.0.0.1:1883","time":"2018-01-20T00:02:36.548Z","v":0}
{"name":"Messenger-Log","hostname":"Mockingjay","pid":8180,"level":30,"msg":"Mosca server is up and running on 127.0.0.1:1883","time":"2018-01-20T00:03:08.624Z","v":0}
{"name":"Messenger-Log","hostname":"Mockingjay","pid":8489,"level":30,"msg":"Mosca server is up and running on 127.0.0.1:1883","time":"2018-01-20T00:08:29.323Z","v":0}
{"name":"Messenger-Log","hostname":"Mockingjay","pid":8489,"level":30,"msg":"Client id is  undefined","time":"2018-01-20T00:08:39.624Z","v":0}
{"name":"Messenger-Log","hostname":"Mockingjay","pid":8489,"level":30,"msg":"Published topic $SYS/yvjsj4C/new/clients","time":"2018-01-20T00:08:39.624Z","v":0}
{"name":"Messenger-Log","hostname":"Mockingjay","pid":8489,"level":30,"msg":"Published payload subscriber","time":"2018-01-20T00:08:39.624Z","v":0}
{"name":"Messenger-Log","hostname":"Mockingjay","pid":8489,"level":30,"msg":"Client id is  undefined","time":"2018-01-20T00:08:39.628Z","v":0}
{"name":"Messenger-Log","hostname":"Mockingjay","pid":8489,"level":30,"msg":"Published topic $SYS/yvjsj4C/new/subscribes","time":"2018-01-20T00:08:39.629Z","v":0}
{"name":"Messenger-Log","hostname":"Mockingjay","pid":8489,"level":30,"msg":"Published payload {\"clientId\":\"subscriber\",\"topic\":\"#\"}","time":"2018-01-20T00:08:39.629Z","v":0}
{"name":"Messenger-Log","hostname":"Mockingjay","pid":8489,"level":30,"msg":"Client id is  undefined","time":"2018-01-20T00:09:25.131Z","v":0}
{"name":"Messenger-Log","hostname":"Mockingjay","pid":8489,"level":30,"msg":"Published topic $SYS/yvjsj4C/new/clients","time":"2018-01-20T00:09:25.131Z","v":0}
{"name":"Messenger-Log","hostname":"Mockingjay","pid":8489,"level":30,"msg":"Published payload Publishers","time":"2018-01-20T00:09:25.131Z","v":0}
{"name":"Messenger-Log","hostname":"Mockingjay","pid":8489,"level":30,"msg":"Client id is  undefined","time":"2018-01-20T00:09:25.143Z","v":0}
{"name":"Messenger-Log","hostname":"Mockingjay","pid":8489,"level":30,"msg":"Published topic esp/18:fe:34:9b:63:7c","time":"2018-01-20T00:09:25.144Z","v":0}
{"name":"Messenger-Log","hostname":"Mockingjay","pid":8489,"level":30,"msg":"Published payload 12-31-13-AA-FD-433005","time":"2018-01-20T00:09:25.144Z","v":0}
{"name":"Messenger-Log","hostname":"Mockingjay","pid":8489,"level":30,"msg":"Client id is  undefined","time":"2018-01-20T00:09:25.147Z","v":0}
{"name":"Messenger-Log","hostname":"Mockingjay","pid":8489,"level":30,"msg":"Published topic $SYS/yvjsj4C/disconnect/clients","time":"2018-01-20T00:09:25.147Z","v":0}
{"name":"Messenger-Log","hostname":"Mockingjay","pid":8489,"level":30,"msg":"Published payload Publishers","time":"2018-01-20T00:09:25.147Z","v":0}
{"name":"Messenger-Log","hostname":"Mockingjay","pid":8489,"level":30,"msg":"client unsubscribed subscriber","time":"2018-01-20T00:19:14.810Z","v":0}
{"name":"Messenger-Log","hostname":"Mockingjay","pid":8489,"level":30,"msg":"Client id is  undefined","time":"2018-01-20T00:19:14.815Z","v":0}
{"name":"Messenger-Log","hostname":"Mockingjay","pid":8489,"level":30,"msg":"Published topic $SYS/yvjsj4C/new/unsubscribes","time":"2018-01-20T00:19:14.815Z","v":0}
{"name":"Messenger-Log","hostname":"Mockingjay","pid":8489,"level":30,"msg":"Published payload {\"clientId\":\"subscriber\",\"topic\":\"#\"}","time":"2018-01-20T00:19:14.815Z","v":0}
{"name":"Messenger-Log","hostname":"Mockingjay","pid":8489,"level":30,"msg":"Client id is  undefined","time":"2018-01-20T00:19:14.815Z","v":0}
{"name":"Messenger-Log","hostname":"Mockingjay","pid":8489,"level":30,"msg":"Published topic $SYS/yvjsj4C/disconnect/clients","time":"2018-01-20T00:19:14.815Z","v":0}
{"name":"Messenger-Log","hostname":"Mockingjay","pid":8489,"level":30,"msg":"Published payload subscriber","time":"2018-01-20T00:19:14.815Z","v":0}
{"name":"Messenger-Log","hostname":"Mockingjay","pid":9260,"level":30,"msg":"Mosca server is up and running on 127.0.0.1:1883","time":"2018-01-20T00:19:22.915Z","v":0}
{"name":"Messenger-Log","hostname":"Mockingjay","pid":9260,"level":30,"msg":"Client id is  undefined","time":"2018-01-20T00:19:31.728Z","v":0}
{"name":"Messenger-Log","hostname":"Mockingjay","pid":9260,"level":30,"msg":"Published topic $SYS/5KTgwd_/new/clients","time":"2018-01-20T00:19:31.728Z","v":0}
{"name":"Messenger-Log","hostname":"Mockingjay","pid":9260,"level":30,"msg":"Published payload Publishers","time":"2018-01-20T00:19:31.728Z","v":0}
{"name":"Messenger-Log","hostname":"Mockingjay","pid":9260,"level":30,"msg":"Client id is  undefined","time":"2018-01-20T00:19:31.732Z","v":0}
{"name":"Messenger-Log","hostname":"Mockingjay","pid":9260,"level":30,"msg":"Published topic esp/18:fe:34:9b:63:7c","time":"2018-01-20T00:19:31.732Z","v":0}
{"name":"Messenger-Log","hostname":"Mockingjay","pid":9260,"level":30,"msg":"Published payload 12-31-13-AA-FD-433005","time":"2018-01-20T00:19:31.732Z","v":0}
{"name":"Messenger-Log","hostname":"Mockingjay","pid":9260,"level":30,"msg":"Client id is  undefined","time":"2018-01-20T00:19:31.733Z","v":0}
{"name":"Messenger-Log","hostname":"Mockingjay","pid":9260,"level":30,"msg":"Published topic $SYS/5KTgwd_/disconnect/clients","time":"2018-01-20T00:19:31.733Z","v":0}
{"name":"Messenger-Log","hostname":"Mockingjay","pid":9260,"level":30,"msg":"Published payload Publishers","time":"2018-01-20T00:19:31.733Z","v":0}
{"name":"Messenger-Log","hostname":"Mockingjay","pid":9321,"level":30,"msg":"Mosca server is up and running on 127.0.0.1:1883","time":"2018-01-20T00:21:07.797Z","v":0}
{"name":"Messenger-Log","hostname":"Mockingjay","pid":9321,"level":30,"msg":"Client id is  undefined","time":"2018-01-20T00:21:11.150Z","v":0}
{"name":"Messenger-Log","hostname":"Mockingjay","pid":9321,"level":30,"msg":"Published topic $SYS/NcNsnNo/new/clients","time":"2018-01-20T00:21:11.150Z","v":0}
{"name":"Messenger-Log","hostname":"Mockingjay","pid":9321,"level":30,"msg":"Published payload Publishers","time":"2018-01-20T00:21:11.150Z","v":0}
{"name":"Messenger-Log","hostname":"Mockingjay","pid":9321,"level":30,"msg":"Client id is  undefined","time":"2018-01-20T00:21:11.153Z","v":0}
{"name":"Messenger-Log","hostname":"Mockingjay","pid":9321,"level":30,"msg":"Published topic esp/18:fe:34:9b:63:7c","time":"2018-01-20T00:21:11.153Z","v":0}
{"name":"Messenger-Log","hostname":"Mockingjay","pid":9321,"level":30,"msg":"Published payload 12-31-13-AA-FD-433005","time":"2018-01-20T00:21:11.153Z","v":0}
{"name":"Messenger-Log","hostname":"Mockingjay","pid":9321,"level":30,"msg":"Client id is  undefined","time":"2018-01-20T00:21:11.153Z","v":0}
{"name":"Messenger-Log","hostname":"Mockingjay","pid":9321,"level":30,"msg":"Published topic $SYS/NcNsnNo/disconnect/clients","time":"2018-01-20T00:21:11.154Z","v":0}
{"name":"Messenger-Log","hostname":"Mockingjay","pid":9321,"level":30,"msg":"Published payload Publishers","time":"2018-01-20T00:21:11.154Z","v":0}
{"name":"Messenger-Log","hostname":"Mockingjay","pid":9389,"level":30,"msg":"Database connection initialised","time":"2018-01-20T00:22:58.604Z","v":0}
{"name":"Messenger-Log","hostname":"Mockingjay","pid":9389,"level":30,"msg":"Mosca server is up and running on 127.0.0.1:1883","time":"2018-01-20T00:22:58.668Z","v":0}
{"name":"Messenger-Log","hostname":"Mockingjay","pid":9536,"level":30,"msg":"Database connection initialised","time":"2018-01-20T00:24:54.583Z","v":0}
{"name":"Messenger-Log","hostname":"Mockingjay","pid":9536,"level":30,"msg":"Mosca server is up and running on 127.0.0.1:1883","time":"2018-01-20T00:24:54.646Z","v":0}
{"name":"Messenger-Log","hostname":"Mockingjay","pid":9536,"level":30,"msg":"Client id is  undefined","time":"2018-01-20T00:24:57.075Z","v":0}
{"name":"Messenger-Log","hostname":"Mockingjay","pid":9536,"level":30,"msg":"Published topic $SYS/7Fn1HUW/new/clients","time":"2018-01-20T00:24:57.075Z","v":0}
{"name":"Messenger-Log","hostname":"Mockingjay","pid":9536,"level":30,"msg":"Published payload Publishers","time":"2018-01-20T00:24:57.075Z","v":0}
{"name":"Messenger-Log","hostname":"Mockingjay","pid":9536,"level":30,"msg":"Client id is  undefined","time":"2018-01-20T00:24:57.078Z","v":0}
{"name":"Messenger-Log","hostname":"Mockingjay","pid":9536,"level":30,"msg":"Published topic esp/18:fe:34:9b:63:7c","time":"2018-01-20T00:24:57.078Z","v":0}
{"name":"Messenger-Log","hostname":"Mockingjay","pid":9536,"level":30,"msg":"Published payload 12-31-13-AA-FD-433005","time":"2018-01-20T00:24:57.078Z","v":0}
{"name":"Messenger-Log","hostname":"Mockingjay","pid":9536,"level":30,"msg":"Client id is  undefined","time":"2018-01-20T00:24:57.078Z","v":0}
{"name":"Messenger-Log","hostname":"Mockingjay","pid":9536,"level":30,"msg":"Published topic $SYS/7Fn1HUW/disconnect/clients","time":"2018-01-20T00:24:57.078Z","v":0}
{"name":"Messenger-Log","hostname":"Mockingjay","pid":9536,"level":30,"msg":"Published payload Publishers","time":"2018-01-20T00:24:57.078Z","v":0}
{"name":"Messenger-Log","hostname":"Mockingjay","pid":9971,"level":30,"msg":"Database connection initialised","time":"2018-01-20T00:32:44.254Z","v":0}
{"name":"Messenger-Log","hostname":"Mockingjay","pid":9971,"level":30,"msg":"Mosca server is up and running on 127.0.0.1:1883","time":"2018-01-20T00:32:44.318Z","v":0}
{"name":"Messenger-Log","hostname":"Mockingjay","pid":9971,"level":50,"msg":"MYSQL ERROR Error: ER_BAD_FIELD_ERROR: Unknown column 'jays' in 'field list'","time":"2018-01-20T00:32:49.933Z","v":0}
{"name":"Messenger-Log","hostname":"Mockingjay","pid":9971,"level":50,"msg":"MYSQL ERROR Error: ER_BAD_FIELD_ERROR: Unknown column 'jays' in 'field list'","time":"2018-01-20T00:32:49.933Z","v":0}
{"name":"Messenger-Log","hostname":"Mockingjay","pid":9971,"level":50,"msg":"MYSQL ERROR Error: ER_BAD_FIELD_ERROR: Unknown column 'jays' in 'field list'","time":"2018-01-20T00:32:49.933Z","v":0}
{"name":"Messenger-Log","hostname":"Mockingjay","pid":9971,"level":30,"msg":"Client id is  undefined","time":"2018-01-20T00:32:49.937Z","v":0}
{"name":"Messenger-Log","hostname":"Mockingjay","pid":9971,"level":30,"msg":"Published topic $SYS/vRzbkC3/new/clients","time":"2018-01-20T00:32:49.937Z","v":0}
{"name":"Messenger-Log","hostname":"Mockingjay","pid":9971,"level":30,"msg":"Published payload Publishers","time":"2018-01-20T00:32:49.937Z","v":0}
{"name":"Messenger-Log","hostname":"Mockingjay","pid":9971,"level":30,"msg":"Client id is  undefined","time":"2018-01-20T00:32:49.940Z","v":0}
{"name":"Messenger-Log","hostname":"Mockingjay","pid":9971,"level":30,"msg":"Published topic esp/18:fe:34:9b:63:7c","time":"2018-01-20T00:32:49.940Z","v":0}
{"name":"Messenger-Log","hostname":"Mockingjay","pid":9971,"level":30,"msg":"Published payload 12-31-13-AA-FD-433005","time":"2018-01-20T00:32:49.940Z","v":0}
{"name":"Messenger-Log","hostname":"Mockingjay","pid":9971,"level":30,"msg":"Client id is  undefined","time":"2018-01-20T00:32:49.941Z","v":0}
{"name":"Messenger-Log","hostname":"Mockingjay","pid":9971,"level":30,"msg":"Published topic $SYS/vRzbkC3/disconnect/clients","time":"2018-01-20T00:32:49.941Z","v":0}
{"name":"Messenger-Log","hostname":"Mockingjay","pid":9971,"level":30,"msg":"Published payload Publishers","time":"2018-01-20T00:32:49.941Z","v":0}
{"name":"Messenger-Log","hostname":"Mockingjay","pid":10074,"level":30,"msg":"Database connection initialised","time":"2018-01-20T00:33:51.712Z","v":0}
{"name":"Messenger-Log","hostname":"Mockingjay","pid":10074,"level":30,"msg":"Mosca server is up and running on 127.0.0.1:1883","time":"2018-01-20T00:33:51.778Z","v":0}
{"name":"Messenger-Log","hostname":"Mockingjay","pid":10074,"level":30,"msg":"Client id is  undefined","time":"2018-01-20T00:33:54.831Z","v":0}
{"name":"Messenger-Log","hostname":"Mockingjay","pid":10074,"level":30,"msg":"Published topic $SYS/uj_MLSF/new/clients","time":"2018-01-20T00:33:54.831Z","v":0}
{"name":"Messenger-Log","hostname":"Mockingjay","pid":10074,"level":30,"msg":"Published payload Publishers","time":"2018-01-20T00:33:54.831Z","v":0}
{"name":"Messenger-Log","hostname":"Mockingjay","pid":10074,"level":30,"msg":"Client id is  undefined","time":"2018-01-20T00:33:54.834Z","v":0}
{"name":"Messenger-Log","hostname":"Mockingjay","pid":10074,"level":30,"msg":"Published topic esp/18:fe:34:9b:63:7c","time":"2018-01-20T00:33:54.834Z","v":0}
{"name":"Messenger-Log","hostname":"Mockingjay","pid":10074,"level":30,"msg":"Published payload 12-31-13-AA-FD-433005","time":"2018-01-20T00:33:54.834Z","v":0}
{"name":"Messenger-Log","hostname":"Mockingjay","pid":10074,"level":30,"msg":"Client id is  undefined","time":"2018-01-20T00:33:54.835Z","v":0}
{"name":"Messenger-Log","hostname":"Mockingjay","pid":10074,"level":30,"msg":"Published topic $SYS/uj_MLSF/disconnect/clients","time":"2018-01-20T00:33:54.835Z","v":0}
{"name":"Messenger-Log","hostname":"Mockingjay","pid":10074,"level":30,"msg":"Published payload Publishers","time":"2018-01-20T00:33:54.835Z","v":0}
{"name":"Messenger-Log","hostname":"Mockingjay","pid":10074,"level":30,"msg":"Device Publishers reconnected ","time":"2018-01-20T00:34:35.233Z","v":0}
{"name":"Messenger-Log","hostname":"Mockingjay","pid":10074,"level":30,"msg":"Client id is  undefined","time":"2018-01-20T00:34:35.242Z","v":0}
{"name":"Messenger-Log","hostname":"Mockingjay","pid":10074,"level":30,"msg":"Published topic $SYS/uj_MLSF/new/clients","time":"2018-01-20T00:34:35.242Z","v":0}
{"name":"Messenger-Log","hostname":"Mockingjay","pid":10074,"level":30,"msg":"Published payload Publishers","time":"2018-01-20T00:34:35.242Z","v":0}
{"name":"Messenger-Log","hostname":"Mockingjay","pid":10074,"level":30,"msg":"Client id is  undefined","time":"2018-01-20T00:34:35.244Z","v":0}
{"name":"Messenger-Log","hostname":"Mockingjay","pid":10074,"level":30,"msg":"Published topic esp/18:fe:34:9b:63:7c","time":"2018-01-20T00:34:35.244Z","v":0}
{"name":"Messenger-Log","hostname":"Mockingjay","pid":10074,"level":30,"msg":"Published payload 12-31-13-AA-FD-433005","time":"2018-01-20T00:34:35.244Z","v":0}
{"name":"Messenger-Log","hostname":"Mockingjay","pid":10074,"level":30,"msg":"Client id is  undefined","time":"2018-01-20T00:34:35.245Z","v":0}
{"name":"Messenger-Log","hostname":"Mockingjay","pid":10074,"level":30,"msg":"Published topic $SYS/uj_MLSF/disconnect/clients","time":"2018-01-20T00:34:35.245Z","v":0}
{"name":"Messenger-Log","hostname":"Mockingjay","pid":10074,"level":30,"msg":"Published payload Publishers","time":"2018-01-20T00:34:35.245Z","v":0}
{"name":"Messenger-Log","hostname":"Mockingjay","pid":13722,"level":30,"msg":"Database connection initialised","time":"2018-01-20T02:07:22.055Z","v":0}
{"name":"Messenger-Log","hostname":"Mockingjay","pid":13722,"level":30,"msg":"Mosca server is up and running on 127.0.0.1:1883","time":"2018-01-20T02:07:22.120Z","v":0}
{"name":"Messenger-Log","hostname":"Mockingjay","pid":13722,"level":30,"msg":"Client id is  undefined","time":"2018-01-20T02:07:24.586Z","v":0}
{"name":"Messenger-Log","hostname":"Mockingjay","pid":13722,"level":30,"msg":"Published topic $SYS/kjW36le/new/clients","time":"2018-01-20T02:07:24.586Z","v":0}
{"name":"Messenger-Log","hostname":"Mockingjay","pid":13722,"level":30,"msg":"Published payload Publishers","time":"2018-01-20T02:07:24.586Z","v":0}
{"name":"Messenger-Log","hostname":"Mockingjay","pid":13722,"level":30,"msg":"Client id is  undefined","time":"2018-01-20T02:07:24.589Z","v":0}
{"name":"Messenger-Log","hostname":"Mockingjay","pid":13722,"level":30,"msg":"Published topic esp/18:fe:34:9b:63:7c","time":"2018-01-20T02:07:24.589Z","v":0}
{"name":"Messenger-Log","hostname":"Mockingjay","pid":13722,"level":30,"msg":"Published payload 12-31-13-AA-FD-433005","time":"2018-01-20T02:07:24.589Z","v":0}
{"name":"Messenger-Log","hostname":"Mockingjay","pid":13722,"level":30,"msg":"Client id is  undefined","time":"2018-01-20T02:07:24.590Z","v":0}
{"name":"Messenger-Log","hostname":"Mockingjay","pid":13722,"level":30,"msg":"Published topic $SYS/kjW36le/disconnect/clients","time":"2018-01-20T02:07:24.590Z","v":0}
{"name":"Messenger-Log","hostname":"Mockingjay","pid":13722,"level":30,"msg":"Published payload Publishers","time":"2018-01-20T02:07:24.590Z","v":0}
{"name":"Messenger-Log","hostname":"Mockingjay","pid":13722,"level":30,"msg":"Client id is  undefined","time":"2018-01-20T02:08:22.815Z","v":0}
{"name":"Messenger-Log","hostname":"Mockingjay","pid":13722,"level":30,"msg":"Published topic $SYS/kjW36le/new/clients","time":"2018-01-20T02:08:22.815Z","v":0}
{"name":"Messenger-Log","hostname":"Mockingjay","pid":13722,"level":30,"msg":"Published payload Publishers","time":"2018-01-20T02:08:22.815Z","v":0}
{"name":"Messenger-Log","hostname":"Mockingjay","pid":13722,"level":30,"msg":"Client id is  undefined","time":"2018-01-20T02:08:22.823Z","v":0}
{"name":"Messenger-Log","hostname":"Mockingjay","pid":14008,"level":30,"msg":"Database connection initialised","time":"2018-01-20T02:09:53.359Z","v":0}
{"name":"Messenger-Log","hostname":"Mockingjay","pid":14008,"level":30,"msg":"Mosca server is up and running on 127.0.0.1:1883","time":"2018-01-20T02:09:53.423Z","v":0}
{"name":"Messenger-Log","hostname":"Mockingjay","pid":14008,"level":30,"msg":"Client id is  undefined","time":"2018-01-20T02:09:56.309Z","v":0}
{"name":"Messenger-Log","hostname":"Mockingjay","pid":14008,"level":30,"msg":"Published topic $SYS/TFBvAs8/new/clients","time":"2018-01-20T02:09:56.309Z","v":0}
{"name":"Messenger-Log","hostname":"Mockingjay","pid":14008,"level":30,"msg":"Published payload Publishers","time":"2018-01-20T02:09:56.309Z","v":0}
{"name":"Messenger-Log","hostname":"Mockingjay","pid":14008,"level":30,"msg":"Client id is  undefined","time":"2018-01-20T02:09:56.311Z","v":0}
{"name":"Messenger-Log","hostname":"Mockingjay","pid":14008,"level":30,"msg":"Published topic $SYS/TFBvAs8/disconnect/clients","time":"2018-01-20T02:09:56.311Z","v":0}
{"name":"Messenger-Log","hostname":"Mockingjay","pid":14008,"level":30,"msg":"Published payload Publishers","time":"2018-01-20T02:09:56.311Z","v":0}
{"name":"Messenger-Log","hostname":"Mockingjay","pid":14008,"level":30,"msg":"Client id is  undefined","time":"2018-01-20T02:09:56.311Z","v":0}
{"name":"Messenger-Log","hostname":"Mockingjay","pid":14008,"level":30,"msg":"Published topic register","time":"2018-01-20T02:09:56.311Z","v":0}
{"name":"Messenger-Log","hostname":"Mockingjay","pid":14008,"level":30,"msg":"Published payload jayants123","time":"2018-01-20T02:09:56.311Z","v":0}
{"name":"Messenger-Log","hostname":"Mockingjay","pid":14008,"level":30,"msg":"New User found, adding undefined into login table","time":"2018-01-20T02:09:56.343Z","v":0}
{"name":"Messenger-Log","hostname":"Mockingjay","pid":14152,"level":30,"msg":"Database connection initialised","time":"2018-01-20T02:12:50.357Z","v":0}
{"name":"Messenger-Log","hostname":"Mockingjay","pid":14152,"level":30,"msg":"Mosca server is up and running on 127.0.0.1:1883","time":"2018-01-20T02:12:50.424Z","v":0}
{"name":"Messenger-Log","hostname":"Mockingjay","pid":14152,"level":30,"msg":"Client id is undefined","time":"2018-01-20T02:12:52.169Z","v":0}
{"name":"Messenger-Log","hostname":"Mockingjay","pid":14152,"level":30,"msg":"Published topic $SYS/Cs3kvO4/new/clients","time":"2018-01-20T02:12:52.169Z","v":0}
{"name":"Messenger-Log","hostname":"Mockingjay","pid":14152,"level":30,"msg":"Published payload Publishers","time":"2018-01-20T02:12:52.169Z","v":0}
{"name":"Messenger-Log","hostname":"Mockingjay","pid":14152,"level":30,"msg":"Client id is undefined","time":"2018-01-20T02:12:52.171Z","v":0}
{"name":"Messenger-Log","hostname":"Mockingjay","pid":14152,"level":30,"msg":"Published topic $SYS/Cs3kvO4/disconnect/clients","time":"2018-01-20T02:12:52.171Z","v":0}
{"name":"Messenger-Log","hostname":"Mockingjay","pid":14152,"level":30,"msg":"Published payload Publishers","time":"2018-01-20T02:12:52.172Z","v":0}
{"name":"Messenger-Log","hostname":"Mockingjay","pid":14152,"level":30,"msg":"Client id is undefined","time":"2018-01-20T02:12:52.172Z","v":0}
{"name":"Messenger-Log","hostname":"Mockingjay","pid":14152,"level":30,"msg":"Published topic register","time":"2018-01-20T02:12:52.172Z","v":0}
{"name":"Messenger-Log","hostname":"Mockingjay","pid":14152,"level":30,"msg":"Published payload jayants123","time":"2018-01-20T02:12:52.172Z","v":0}
{"name":"Messenger-Log","hostname":"Mockingjay","pid":14152,"level":50,"msg":"MYSQL ERROR Error: ER_DUP_ENTRY: Duplicate entry 'undefined' for key 'username'","time":"2018-01-20T02:12:52.182Z","v":0}
{"name":"Messenger-Log","hostname":"Mockingjay","pid":14152,"level":50,"msg":"MYSQL ERROR Error: ER_DUP_ENTRY: Duplicate entry 'undefined' for key 'username'","time":"2018-01-20T02:12:52.182Z","v":0}
{"name":"Messenger-Log","hostname":"Mockingjay","pid":14152,"level":50,"msg":"MYSQL ERROR Error: ER_DUP_ENTRY: Duplicate entry 'undefined' for key 'username'","time":"2018-01-20T02:12:52.182Z","v":0}
{"name":"Messenger-Log","hostname":"Mockingjay","pid":14152,"level":30,"msg":"Client id is undefined","time":"2018-01-20T02:13:32.879Z","v":0}
{"name":"Messenger-Log","hostname":"Mockingjay","pid":14152,"level":30,"msg":"Published topic $SYS/Cs3kvO4/new/clients","time":"2018-01-20T02:13:32.880Z","v":0}
{"name":"Messenger-Log","hostname":"Mockingjay","pid":14152,"level":30,"msg":"Published payload Publishers","time":"2018-01-20T02:13:32.880Z","v":0}
{"name":"Messenger-Log","hostname":"Mockingjay","pid":14152,"level":30,"msg":"Client id is undefined","time":"2018-01-20T02:13:32.885Z","v":0}
{"name":"Messenger-Log","hostname":"Mockingjay","pid":14152,"level":30,"msg":"Published topic register","time":"2018-01-20T02:13:32.885Z","v":0}
{"name":"Messenger-Log","hostname":"Mockingjay","pid":14152,"level":30,"msg":"Published payload jayants123","time":"2018-01-20T02:13:32.885Z","v":0}
{"name":"Messenger-Log","hostname":"Mockingjay","pid":14152,"level":30,"msg":"Client id is undefined","time":"2018-01-20T02:13:32.887Z","v":0}
{"name":"Messenger-Log","hostname":"Mockingjay","pid":14152,"level":30,"msg":"Published topic $SYS/Cs3kvO4/disconnect/clients","time":"2018-01-20T02:13:32.887Z","v":0}
{"name":"Messenger-Log","hostname":"Mockingjay","pid":14152,"level":30,"msg":"Published payload Publishers","time":"2018-01-20T02:13:32.887Z","v":0}
{"name":"Messenger-Log","hostname":"Mockingjay","pid":14152,"level":50,"msg":"MYSQL ERROR Error: ER_DUP_ENTRY: Duplicate entry 'undefined' for key 'username'","time":"2018-01-20T02:13:32.894Z","v":0}
{"name":"Messenger-Log","hostname":"Mockingjay","pid":14152,"level":50,"msg":"MYSQL ERROR Error: ER_DUP_ENTRY: Duplicate entry 'undefined' for key 'username'","time":"2018-01-20T02:13:32.894Z","v":0}
{"name":"Messenger-Log","hostname":"Mockingjay","pid":14152,"level":50,"msg":"MYSQL ERROR Error: ER_DUP_ENTRY: Duplicate entry 'undefined' for key 'username'","time":"2018-01-20T02:13:32.894Z","v":0}
{"name":"Messenger-Log","hostname":"Mockingjay","pid":14655,"level":30,"msg":"Database connection initialised","time":"2018-01-20T02:20:18.907Z","v":0}
{"name":"Messenger-Log","hostname":"Mockingjay","pid":14655,"level":30,"msg":"Mosca server is up and running on 127.0.0.1:1883","time":"2018-01-20T02:20:18.970Z","v":0}
{"name":"Messenger-Log","hostname":"Mockingjay","pid":14730,"level":30,"msg":"Database connection initialised","time":"2018-01-20T02:21:21.710Z","v":0}
{"name":"Messenger-Log","hostname":"Mockingjay","pid":14730,"level":30,"msg":"Mosca server is up and running on 127.0.0.1:1883","time":"2018-01-20T02:21:21.778Z","v":0}
{"name":"Messenger-Log","hostname":"Mockingjay","pid":14730,"level":30,"msg":"Client id is undefined","time":"2018-01-20T02:21:24.016Z","v":0}
{"name":"Messenger-Log","hostname":"Mockingjay","pid":14730,"level":30,"msg":"Published topic $SYS/QFAmezu/new/clients","time":"2018-01-20T02:21:24.016Z","v":0}
{"name":"Messenger-Log","hostname":"Mockingjay","pid":14730,"level":30,"msg":"Published payload Publishers","time":"2018-01-20T02:21:24.016Z","v":0}
{"name":"Messenger-Log","hostname":"Mockingjay","pid":14730,"level":30,"msg":"Client id is [object Object]","time":"2018-01-20T02:21:24.018Z","v":0}
{"name":"Messenger-Log","hostname":"Mockingjay","pid":14730,"level":30,"msg":"Published topic register","time":"2018-01-20T02:21:24.018Z","v":0}
{"name":"Messenger-Log","hostname":"Mockingjay","pid":14730,"level":30,"msg":"Published payload jayants123","time":"2018-01-20T02:21:24.018Z","v":0}
{"name":"Messenger-Log","hostname":"Mockingjay","pid":14730,"level":30,"msg":"Client id is undefined","time":"2018-01-20T02:21:24.020Z","v":0}
{"name":"Messenger-Log","hostname":"Mockingjay","pid":14730,"level":30,"msg":"Published topic $SYS/QFAmezu/disconnect/clients","time":"2018-01-20T02:21:24.020Z","v":0}
{"name":"Messenger-Log","hostname":"Mockingjay","pid":14730,"level":30,"msg":"Published payload Publishers","time":"2018-01-20T02:21:24.020Z","v":0}
{"name":"Messenger-Log","hostname":"Mockingjay","pid":14730,"level":30,"msg":"New User found, adding undefined into login table","time":"2018-01-20T02:21:24.048Z","v":0}
{"name":"Messenger-Log","hostname":"Mockingjay","pid":14777,"level":30,"msg":"Database connection initialised","time":"2018-01-20T02:21:52.508Z","v":0}
{"name":"Messenger-Log","hostname":"Mockingjay","pid":14777,"level":30,"msg":"Mosca server is up and running on 127.0.0.1:1883","time":"2018-01-20T02:21:52.572Z","v":0}
{"name":"Messenger-Log","hostname":"Mockingjay","pid":14777,"level":30,"msg":"Client id is  undefined","time":"2018-01-20T02:21:55.388Z","v":0}
{"name":"Messenger-Log","hostname":"Mockingjay","pid":14777,"level":30,"msg":"Published topic $SYS/bw_ChY7/new/clients","time":"2018-01-20T02:21:55.388Z","v":0}
{"name":"Messenger-Log","hostname":"Mockingjay","pid":14777,"level":30,"msg":"Published payload Publishers","time":"2018-01-20T02:21:55.388Z","v":0}
{"name":"Messenger-Log","hostname":"Mockingjay","pid":14777,"level":30,"msg":"Client id is  undefined","time":"2018-01-20T02:21:55.391Z","v":0}
{"name":"Messenger-Log","hostname":"Mockingjay","pid":14777,"level":30,"msg":"Published topic $SYS/bw_ChY7/disconnect/clients","time":"2018-01-20T02:21:55.391Z","v":0}
{"name":"Messenger-Log","hostname":"Mockingjay","pid":14777,"level":30,"msg":"Published payload Publishers","time":"2018-01-20T02:21:55.391Z","v":0}
{"name":"Messenger-Log","hostname":"Mockingjay","pid":14777,"level":30,"msg":"Client id is  Client {\n  connection: \n   Connection {\n     stream: \n      Socket {\n        connecting: false,\n        _hadError: false,\n        _handle: null,\n        _parent: null,\n        _host: null,\n        _readableState: [Object],\n        readable: false,\n        domain: null,\n        _events: [Object],\n        _eventsCount: 6,\n        _maxListeners: undefined,\n        _writableState: [Object],\n        writable: false,\n        allowHalfOpen: false,\n        destroyed: true,\n        _bytesDispatched: 4,\n        _sockname: null,\n        _pendingData: null,\n        _pendingEncoding: '',\n        server: [Object],\n        _server: [Object],\n        read: [Function],\n        _consuming: true,\n        _idleNext: null,\n        _idlePrev: null,\n        _idleTimeout: -1 },\n     _options: { objectMode: true },\n     _readableState: \n      ReadableState {\n        highWaterMark: 16384,\n        buffer: [],\n        length: 0,\n        pipes: null,\n        pipesCount: 0,\n        flowing: false,\n        ended: false,\n        endEmitted: false,\n        reading: true,\n        calledRead: true,\n        sync: false,\n        needReadable: true,\n        emittedReadable: false,\n        readableListening: false,\n        objectMode: true,\n        defaultEncoding: 'utf8',\n        ranOut: false,\n        awaitDrain: 0,\n        readingMore: false,\n        decoder: null,\n        encoding: null },\n     readable: true,\n     domain: null,\n     _events: { error: [Function] },\n     _eventsCount: 1,\n     _maxListeners: undefined,\n     _writableState: \n      WritableState {\n        highWaterMark: 16384,\n        objectMode: true,\n        needDrain: false,\n        ending: false,\n        ended: false,\n        finished: false,\n        decodeStrings: true,\n        defaultEncoding: 'utf8',\n        length: 0,\n        writing: false,\n        sync: false,\n        bufferProcessing: false,\n        onwrite: [Function],\n        writecb: null,\n        writelen: 0,\n        buffer: [],\n        errorEmitted: false },\n     writable: true,\n     allowHalfOpen: true,\n     _writable: \n      DestroyableTransform {\n        _readableState: [Object],\n        readable: true,\n        domain: null,\n        _events: [Object],\n        _eventsCount: 4,\n        _maxListeners: undefined,\n        _writableState: [Object],\n        writable: true,\n        allowHalfOpen: true,\n        _transformState: [Object],\n        _destroyed: false,\n        _transform: [Function: process] },\n     _callWrite: [Function: callWrite3Args],\n     _readable: \n      DestroyableTransform {\n        _readableState: [Object],\n        readable: true,\n        domain: null,\n        _events: [Object],\n        _eventsCount: 7,\n        _maxListeners: undefined,\n        _writableState: [Object],\n        writable: true,\n        allowHalfOpen: true,\n        _transformState: [Object],\n        _destroyed: false,\n        _transform: [Function: process] },\n     _lastReadCallback: null,\n     pipe: [Function],\n     addListener: [Function: addListener],\n     on: [Function: addListener],\n     pause: [Function],\n     resume: [Function] },\n  server: \n   EventEmitter {\n     domain: null,\n     _events: \n      { clientConnected: [Object],\n        ready: [Object],\n        subscribed: [Function],\n        unsubscribed: [Object],\n        clientDisconnected: [Function],\n        published: [Function],\n        close: [Function] },\n     _eventsCount: 7,\n     _maxListeners: undefined,\n     opts: \n      { port: 1883,\n        host: '127.0.0.1',\n        maxConnections: 10000000,\n        backend: [Object],\n        stats: false,\n        publishNewClient: true,\n        publishClientDisconnect: true,\n        publishSubscriptions: true,\n        maxInflightMessages: 1024,\n        onQoS2publish: 'noack',\n        logger: [Object],\n        persistence: [Object] },\n     modernOpts: \n      { host: '127.0.0.1',\n        backend: [Object],\n        stats: false,\n        publishNewClient: true,\n        publishClientDisconnect: true,\n        publishSubscriptions: true,\n        maxInflightMessages: 1024,\n        onQoS2publish: 'noack',\n        logger: [Object],\n        persistence: [Object],\n        interfaces: [Object] },\n     _dedupId: 0,\n     clients: {},\n     closed: false,\n     logger: \n      EventEmitter {\n        stream: [Object],\n        serializers: [Object],\n        stringify: [Object],\n        end: ',\"v\":1}\\n',\n        name: 'mosca',\n        timestamp: true,\n        slowtime: false,\n        chindings: '',\n        cache: null,\n        formatOpts: [Object],\n        _levelVal: 40,\n        fatal: [Function: LOG],\n        error: [Function: LOG],\n        warn: [Function: LOG],\n        info: [Function: noop],\n        debug: [Function: noop],\n        trace: [Function: noop],\n        _baseLog: '{\"pid\":14777,\"hostname\":\"Mockingjay\",\"name\":\"mosca\",',\n        time: [Function: getTime] },\n     onQoS2publish: 'noack',\n     id: 'bw_ChY7',\n     servers: [ [Object] ],\n     ascoltatore: \n      EventEmitter {\n        domain: null,\n        _events: [Object],\n        _eventsCount: 4,\n        _maxListeners: 0,\n        _separator: '/',\n        _wildcardOne: '+',\n        _wildcardSome: '*',\n        _nativeSettings: {},\n        publish: [Function: newPublish],\n        pub: [Function: newPublish],\n        _ready: true,\n        _closed: false,\n        _opts: [Object],\n        url: 'mongodb://localhost:27017/mqtt',\n        _pubsubCollection: 'ascoltatori',\n        _maxRetry: 5,\n        mongoOpts: {},\n        _ascoltatore: [Object],\n        channels: {},\n        _handlingCursorFailure: false,\n        _lastSuccessfulHandling: 5a62a7c36f40e239b9add4d5,\n        wait: 100,\n        connectionParams: [Object],\n        db: [Object],\n        collection: [Object],\n        _cursor: [Object] },\n     persistence: \n      MongoPersistence {\n        options: [Object],\n        db: [Object],\n        _subscriptions: [Object],\n        _packets: [Object],\n        _retained: [Object] },\n     storePacket: [Function],\n     deleteOfflinePacket: [Function],\n     updateOfflinePacket: [Function],\n     forwardRetained: [Function],\n     restoreClientSubscriptions: [Function: restoreClientSubscriptions],\n     forwardOfflinePackets: [Function],\n     persistClient: [Function] },\n  logger: \n   EventEmitter {\n     stream: \n      Socket {\n        connecting: false,\n        _hadError: false,\n        _handle: [Object],\n        _parent: null,\n        _host: null,\n        _readableState: [Object],\n        readable: false,\n        domain: null,\n        _events: [Object],\n        _eventsCount: 3,\n        _maxListeners: undefined,\n        _writableState: [Object],\n        writable: true,\n        allowHalfOpen: false,\n        destroyed: false,\n        _bytesDispatched: 1256,\n        _sockname: null,\n        _pendingData: null,\n        _pendingEncoding: '',\n        server: null,\n        _server: null,\n        _type: 'pipe',\n        fd: 1,\n        _isStdio: true,\n        destroySoon: [Function],\n        destroy: [Function] },\n     serializers: \n      { client: [Function: clientSerializer],\n        packet: [Function: packetSerializer],\n        req: [Function: asReqValue],\n        res: [Function: asResValue] },\n     stringify: { [Function: stringify] default: [Circular] },\n     end: ',\"v\":1}\\n',\n     name: 'mosca',\n     timestamp: true,\n     slowtime: false,\n     chindings: ',\"client\":\"Publishers\"',\n     cache: null,\n     formatOpts: { lowres: true },\n     _levelVal: 40,\n     fatal: [Function: LOG],\n     error: [Function: LOG],\n     warn: [Function: LOG],\n     info: [Function: noop],\n     debug: [Function: noop],\n     trace: [Function: noop],\n     _baseLog: '{\"pid\":14777,\"hostname\":\"Mockingjay\",\"name\":\"mosca\",',\n     time: [Function: getTime] },\n  subscriptions: {},\n  nextId: 1,\n  inflight: {},\n  inflightCounter: 0,\n  _lastDedupId: -1,\n  _closed: true,\n  _closing: true,\n  forward: [Function],\n  id: 'Publishers',\n  keepalive: 60,\n  will: undefined,\n  clean: true,\n  timer: \n   Retimer {\n     _started: 27657685,\n     _rescheduled: 90000,\n     _scheduled: 90000,\n     _args: [],\n     _timer: \n      Timeout {\n        '0': null,\n        _called: false,\n        _idleTimeout: -1,\n        _idlePrev: null,\n        _idleNext: null,\n        _idleStart: 3370,\n        _onTimeout: null,\n        _timerArgs: undefined,\n        _repeat: null } } }","time":"2018-01-20T02:21:55.399Z","v":0}
{"name":"Messenger-Log","hostname":"Mockingjay","pid":14777,"level":30,"msg":"Published topic register","time":"2018-01-20T02:21:55.399Z","v":0}
{"name":"Messenger-Log","hostname":"Mockingjay","pid":14777,"level":30,"msg":"Published payload jayants123","time":"2018-01-20T02:21:55.399Z","v":0}
{"name":"Messenger-Log","hostname":"Mockingjay","pid":14777,"level":50,"msg":"MYSQL ERROR Error: ER_DUP_ENTRY: Duplicate entry 'Publishers' for key 'username'","time":"2018-01-20T02:21:55.431Z","v":0}
{"name":"Messenger-Log","hostname":"Mockingjay","pid":14777,"level":50,"msg":"MYSQL ERROR Error: ER_DUP_ENTRY: Duplicate entry 'Publishers' for key 'username'","time":"2018-01-20T02:21:55.431Z","v":0}
{"name":"Messenger-Log","hostname":"Mockingjay","pid":14777,"level":50,"msg":"MYSQL ERROR Error: ER_DUP_ENTRY: Duplicate entry 'Publishers' for key 'username'","time":"2018-01-20T02:21:55.431Z","v":0}
{"name":"Messenger-Log","hostname":"Mockingjay","pid":14905,"level":30,"msg":"Database connection initialised","time":"2018-01-20T02:24:11.474Z","v":0}
{"name":"Messenger-Log","hostname":"Mockingjay","pid":14905,"level":30,"msg":"Mosca server is up and running on 127.0.0.1:1883","time":"2018-01-20T02:24:11.542Z","v":0}
{"name":"Messenger-Log","hostname":"Mockingjay","pid":14976,"level":30,"msg":"Database connection initialised","time":"2018-01-20T02:25:35.547Z","v":0}
{"name":"Messenger-Log","hostname":"Mockingjay","pid":14976,"level":30,"msg":"Mosca server is up and running on 127.0.0.1:1883","time":"2018-01-20T02:25:35.610Z","v":0}
{"name":"Messenger-Log","hostname":"Mockingjay","pid":15014,"level":30,"msg":"Database connection initialised","time":"2018-01-20T02:26:07.915Z","v":0}
{"name":"Messenger-Log","hostname":"Mockingjay","pid":15014,"level":30,"msg":"Mosca server is up and running on 127.0.0.1:1883","time":"2018-01-20T02:26:07.979Z","v":0}
{"name":"Messenger-Log","hostname":"Mockingjay","pid":15014,"level":30,"msg":"Client id is  { topic: '$SYS/JbtHHdR/new/clients',\n  payload: 'Publishers',\n  messageId: 'rGCFG8J',\n  qos: undefined,\n  retain: undefined }","time":"2018-01-20T02:26:09.797Z","v":0}
{"name":"Messenger-Log","hostname":"Mockingjay","pid":15014,"level":30,"msg":"Published topic $SYS/JbtHHdR/new/clients","time":"2018-01-20T02:26:09.797Z","v":0}
{"name":"Messenger-Log","hostname":"Mockingjay","pid":15014,"level":30,"msg":"Published payload Publishers","time":"2018-01-20T02:26:09.798Z","v":0}
{"name":"Messenger-Log","hostname":"Mockingjay","pid":15014,"level":30,"msg":"Client id is  { topic: 'register',\n  payload: <Buffer 6a 61 79 61 6e 74 73 31 32 33>,\n  messageId: '4jF0u~3',\n  qos: 0,\n  retain: true }","time":"2018-01-20T02:26:09.800Z","v":0}
{"name":"Messenger-Log","hostname":"Mockingjay","pid":15014,"level":30,"msg":"Published topic register","time":"2018-01-20T02:26:09.800Z","v":0}
{"name":"Messenger-Log","hostname":"Mockingjay","pid":15014,"level":30,"msg":"Published payload jayants123","time":"2018-01-20T02:26:09.800Z","v":0}
{"name":"Messenger-Log","hostname":"Mockingjay","pid":15014,"level":30,"msg":"Client id is  { topic: '$SYS/JbtHHdR/disconnect/clients',\n  payload: 'Publishers',\n  messageId: 'AlBdZP9',\n  qos: undefined,\n  retain: undefined }","time":"2018-01-20T02:26:09.802Z","v":0}
{"name":"Messenger-Log","hostname":"Mockingjay","pid":15014,"level":30,"msg":"Published topic $SYS/JbtHHdR/disconnect/clients","time":"2018-01-20T02:26:09.802Z","v":0}
{"name":"Messenger-Log","hostname":"Mockingjay","pid":15014,"level":30,"msg":"Published payload Publishers","time":"2018-01-20T02:26:09.802Z","v":0}
{"name":"Messenger-Log","hostname":"Mockingjay","pid":15014,"level":50,"msg":"MYSQL ERROR Error: ER_DUP_ENTRY: Duplicate entry 'Publishers' for key 'username'","time":"2018-01-20T02:26:09.810Z","v":0}
{"name":"Messenger-Log","hostname":"Mockingjay","pid":15014,"level":50,"msg":"MYSQL ERROR Error: ER_DUP_ENTRY: Duplicate entry 'Publishers' for key 'username'","time":"2018-01-20T02:26:09.810Z","v":0}
{"name":"Messenger-Log","hostname":"Mockingjay","pid":15014,"level":50,"msg":"MYSQL ERROR Error: ER_DUP_ENTRY: Duplicate entry 'Publishers' for key 'username'","time":"2018-01-20T02:26:09.810Z","v":0}
{"name":"Messenger-Log","hostname":"Mockingjay","pid":15014,"level":30,"msg":"Client id is  { topic: '$SYS/JbtHHdR/new/clients',\n  payload: 'Publishers',\n  messageId: '2~34kYY',\n  qos: undefined,\n  retain: undefined }","time":"2018-01-20T02:27:53.524Z","v":0}
{"name":"Messenger-Log","hostname":"Mockingjay","pid":15014,"level":30,"msg":"Published topic $SYS/JbtHHdR/new/clients","time":"2018-01-20T02:27:53.524Z","v":0}
{"name":"Messenger-Log","hostname":"Mockingjay","pid":15014,"level":30,"msg":"Published payload Publishers","time":"2018-01-20T02:27:53.525Z","v":0}
{"name":"Messenger-Log","hostname":"Mockingjay","pid":15014,"level":30,"msg":"Client id is  { topic: 'register',\n  payload: <Buffer 6a 61 79 61 6e 74 73 31 32 33>,\n  messageId: 'W07vOYp',\n  qos: 0,\n  retain: true }","time":"2018-01-20T02:27:53.530Z","v":0}
{"name":"Messenger-Log","hostname":"Mockingjay","pid":15014,"level":30,"msg":"Published topic register","time":"2018-01-20T02:27:53.530Z","v":0}
{"name":"Messenger-Log","hostname":"Mockingjay","pid":15014,"level":30,"msg":"Published payload jayants123","time":"2018-01-20T02:27:53.530Z","v":0}
{"name":"Messenger-Log","hostname":"Mockingjay","pid":15014,"level":30,"msg":"Client id is  { topic: '$SYS/JbtHHdR/disconnect/clients',\n  payload: 'Publishers',\n  messageId: 'Kwmm5ep',\n  qos: undefined,\n  retain: undefined }","time":"2018-01-20T02:27:53.531Z","v":0}
{"name":"Messenger-Log","hostname":"Mockingjay","pid":15014,"level":30,"msg":"Published topic $SYS/JbtHHdR/disconnect/clients","time":"2018-01-20T02:27:53.531Z","v":0}
{"name":"Messenger-Log","hostname":"Mockingjay","pid":15014,"level":30,"msg":"Published payload Publishers","time":"2018-01-20T02:27:53.531Z","v":0}
{"name":"Messenger-Log","hostname":"Mockingjay","pid":15014,"level":30,"msg":"New User found, adding undefined into login table","time":"2018-01-20T02:27:53.537Z","v":0}
{"name":"Messenger-Log","hostname":"Mockingjay","pid":15208,"level":30,"msg":"Database connection initialised","time":"2018-01-20T02:28:39.362Z","v":0}
{"name":"Messenger-Log","hostname":"Mockingjay","pid":15208,"level":30,"msg":"Mosca server is up and running on 127.0.0.1:1883","time":"2018-01-20T02:28:39.430Z","v":0}
{"name":"Messenger-Log","hostname":"Mockingjay","pid":15208,"level":30,"msg":"Client id is  { topic: '$SYS/y2Sztf6/new/clients',\n  payload: 'Publishers',\n  messageId: 'XoFyZkg',\n  qos: undefined,\n  retain: undefined }","time":"2018-01-20T02:28:42.707Z","v":0}
{"name":"Messenger-Log","hostname":"Mockingjay","pid":15208,"level":30,"msg":"Published topic $SYS/y2Sztf6/new/clients","time":"2018-01-20T02:28:42.707Z","v":0}
{"name":"Messenger-Log","hostname":"Mockingjay","pid":15208,"level":30,"msg":"Published payload Publishers","time":"2018-01-20T02:28:42.707Z","v":0}
{"name":"Messenger-Log","hostname":"Mockingjay","pid":15208,"level":30,"msg":"Client id is  { topic: 'register',\n  payload: <Buffer 6a 61 79 61 6e 74 73 31 32 33>,\n  messageId: 'YwUjg2d',\n  qos: 0,\n  retain: true }","time":"2018-01-20T02:28:42.710Z","v":0}
{"name":"Messenger-Log","hostname":"Mockingjay","pid":15208,"level":30,"msg":"Published topic register","time":"2018-01-20T02:28:42.710Z","v":0}
{"name":"Messenger-Log","hostname":"Mockingjay","pid":15208,"level":30,"msg":"Published payload jayants123","time":"2018-01-20T02:28:42.710Z","v":0}
{"name":"Messenger-Log","hostname":"Mockingjay","pid":15208,"level":30,"msg":"Client id is  { topic: '$SYS/y2Sztf6/disconnect/clients',\n  payload: 'Publishers',\n  messageId: 'zQ7X34Q',\n  qos: undefined,\n  retain: undefined }","time":"2018-01-20T02:28:42.712Z","v":0}
{"name":"Messenger-Log","hostname":"Mockingjay","pid":15208,"level":30,"msg":"Published topic $SYS/y2Sztf6/disconnect/clients","time":"2018-01-20T02:28:42.712Z","v":0}
{"name":"Messenger-Log","hostname":"Mockingjay","pid":15208,"level":30,"msg":"Published payload Publishers","time":"2018-01-20T02:28:42.712Z","v":0}
{"name":"Messenger-Log","hostname":"Mockingjay","pid":15208,"level":30,"msg":"New User found, adding Publishers into login table","time":"2018-01-20T02:28:42.717Z","v":0}
{"name":"Messenger-Log","hostname":"Mockingjay","pid":15310,"level":30,"msg":"Database connection initialised","time":"2018-01-20T02:29:16.656Z","v":0}
{"name":"Messenger-Log","hostname":"Mockingjay","pid":15310,"level":30,"msg":"Mosca server is up and running on 127.0.0.1:1883","time":"2018-01-20T02:29:16.725Z","v":0}
{"name":"Messenger-Log","hostname":"Mockingjay","pid":15352,"level":30,"msg":"Database connection initialised","time":"2018-01-20T02:30:12.213Z","v":0}
{"name":"Messenger-Log","hostname":"Mockingjay","pid":15352,"level":30,"msg":"Mosca server is up and running on 127.0.0.1:1883","time":"2018-01-20T02:30:12.281Z","v":0}
{"name":"Messenger-Log","hostname":"Mockingjay","pid":15437,"level":30,"msg":"Database connection initialised","time":"2018-01-20T02:31:11.324Z","v":0}
{"name":"Messenger-Log","hostname":"Mockingjay","pid":15437,"level":30,"msg":"Mosca server is up and running on 127.0.0.1:1883","time":"2018-01-20T02:31:11.388Z","v":0}
{"name":"Messenger-Log","hostname":"Mockingjay","pid":15437,"level":30,"msg":"New User found, adding jayantjnp@gmail.com into login table","time":"2018-01-20T02:31:15.952Z","v":0}
{"name":"Messenger-Log","hostname":"Mockingjay","pid":16359,"level":30,"msg":"Database connection initialised","time":"2018-01-20T02:37:14.450Z","v":0}
{"name":"Messenger-Log","hostname":"Mockingjay","pid":16359,"level":30,"msg":"Mosca server is up and running on 127.0.0.1:1883","time":"2018-01-20T02:37:14.510Z","v":0}
{"name":"Messenger-Log","hostname":"Mockingjay","pid":16431,"level":30,"msg":"Database connection initialised","time":"2018-01-20T02:38:45.259Z","v":0}
{"name":"Messenger-Log","hostname":"Mockingjay","pid":16431,"level":30,"msg":"Mosca server is up and running on 127.0.0.1:1883","time":"2018-01-20T02:38:45.319Z","v":0}
{"name":"Messenger-Log","hostname":"Mockingjay","pid":16431,"level":30,"msg":"New User found, adding jayantjnp@gmail.com into login table","time":"2018-01-20T02:38:48.301Z","v":0}
{"name":"Messenger-Log","hostname":"Mockingjay","pid":16431,"level":30,"msg":"client unsubscribed subscriber","time":"2018-01-20T02:50:50.008Z","v":0}
{"name":"Messenger-Log","hostname":"Mockingjay","pid":16431,"level":30,"msg":"client unsubscribed subscriber","time":"2018-01-20T02:51:09.677Z","v":0}
{"name":"Messenger-Log","hostname":"Mockingjay","pid":17535,"level":30,"msg":"Database connection initialised","time":"2018-01-20T02:56:48.744Z","v":0}
{"name":"Messenger-Log","hostname":"Mockingjay","pid":17535,"level":30,"msg":"Mosca server is up and running on 127.0.0.1:1883","time":"2018-01-20T02:56:48.807Z","v":0}
{"name":"Messenger-Log","hostname":"Mockingjay","pid":17535,"level":30,"msg":"client unsubscribed subscriber","time":"2018-01-20T02:56:57.937Z","v":0}
{"name":"Messenger-Log","hostname":"Mockingjay","pid":17656,"level":30,"msg":"Database connection initialised","time":"2018-01-20T02:58:08.195Z","v":0}
{"name":"Messenger-Log","hostname":"Mockingjay","pid":17656,"level":30,"msg":"Mosca server is up and running on 127.0.0.1:1883","time":"2018-01-20T02:58:08.259Z","v":0}
{"name":"Messenger-Log","hostname":"Mockingjay","pid":17656,"level":50,"msg":"Wrong username format, must be email","time":"2018-01-20T02:58:10.280Z","v":0}
{"name":"Messenger-Log","hostname":"Mockingjay","pid":17656,"level":50,"msg":"Wrong username format, must be email","time":"2018-01-20T02:58:10.280Z","v":0}
{"name":"Messenger-Log","hostname":"Mockingjay","pid":17656,"level":50,"msg":"Wrong username format, must be email","time":"2018-01-20T02:58:10.280Z","v":0}
{"name":"Messenger-Log","hostname":"Mockingjay","pid":17811,"level":30,"msg":"Database connection initialised","time":"2018-01-20T02:59:17.733Z","v":0}
{"name":"Messenger-Log","hostname":"Mockingjay","pid":17811,"level":30,"msg":"Mosca server is up and running on 127.0.0.1:1883","time":"2018-01-20T02:59:17.794Z","v":0}
{"name":"Messenger-Log","hostname":"Mockingjay","pid":17811,"level":30,"msg":"New User found, adding jayantjnp@gmail.com into login table","time":"2018-01-20T02:59:31.539Z","v":0}
